{
  "RSpec": {
    "coverage": {
      "/Users/rishabhsingh/Downloads/finnal copy/2nd wirh device style/newspec/app/models/user.rb": {
        "lines": [
          null,
          null,
          1,
          1,
          1,
          1,
          1,
          null,
          null,
          null,
          1,
          null,
          null,
          1,
          1,
          1,
          null,
          1,
          0,
          0,
          null,
          null,
          1,
          0,
          0,
          null,
          0,
          null,
          null,
          0,
          null,
          0,
          null,
          null,
          1,
          4,
          null,
          1,
          null,
          1,
          0,
          null,
          null,
          1,
          2,
          2,
          2,
          0,
          0,
          null,
          0,
          null,
          null,
          null,
          1,
          0,
          null,
          null
        ]
      },
      "/Users/rishabhsingh/Downloads/finnal copy/2nd wirh device style/newspec/app/models/application_record.rb": {
        "lines": [
          null,
          null,
          1,
          1,
          null
        ]
      },
      "/Users/rishabhsingh/Downloads/finnal copy/2nd wirh device style/newspec/app/helpers/application_helper.rb": {
        "lines": [
          null,
          null,
          1,
          1,
          0,
          0,
          0,
          0,
          null,
          null
        ]
      },
      "/Users/rishabhsingh/Downloads/finnal copy/2nd wirh device style/newspec/app/helpers/challenges_helper.rb": {
        "lines": [
          null,
          null,
          1,
          null
        ]
      },
      "/Users/rishabhsingh/Downloads/finnal copy/2nd wirh device style/newspec/app/helpers/errors_helper.rb": {
        "lines": [
          null,
          null,
          1,
          null
        ]
      },
      "/Users/rishabhsingh/Downloads/finnal copy/2nd wirh device style/newspec/app/helpers/users_helper.rb": {
        "lines": [
          null,
          null,
          1,
          null
        ]
      },
      "/Users/rishabhsingh/Downloads/finnal copy/2nd wirh device style/newspec/app/mailers/application_mailer.rb": {
        "lines": [
          null,
          null,
          1,
          1,
          1,
          null
        ]
      },
      "/Users/rishabhsingh/Downloads/finnal copy/2nd wirh device style/newspec/app/models/challenge.rb": {
        "lines": [
          null,
          null,
          1,
          1,
          1,
          1,
          1,
          1,
          null
        ]
      },
      "/Users/rishabhsingh/Downloads/finnal copy/2nd wirh device style/newspec/app/controllers/challenges_controller.rb": {
        "lines": [
          null,
          null,
          1,
          1,
          1,
          1,
          null,
          null,
          1,
          null,
          null,
          0,
          0,
          null,
          null,
          null,
          1,
          null,
          null,
          1,
          null,
          0,
          null,
          null,
          null,
          1,
          null,
          null,
          1,
          null,
          0,
          null,
          0,
          0,
          0,
          0,
          null,
          0,
          0,
          null,
          null,
          null,
          null,
          null,
          1,
          0,
          0,
          0,
          0,
          null,
          0,
          0,
          null,
          null,
          null,
          null,
          null,
          1,
          0,
          0,
          0,
          0,
          null,
          null,
          null,
          1,
          0,
          0,
          null,
          null,
          1,
          0,
          0,
          0,
          null,
          null,
          1,
          0,
          0,
          0,
          null,
          null,
          1,
          0,
          0,
          null,
          0,
          0,
          0,
          null,
          null,
          null,
          1,
          null,
          1,
          0,
          null,
          null,
          1,
          0,
          null,
          null,
          null,
          1,
          0,
          null,
          null,
          null,
          1,
          0,
          null,
          null
        ]
      },
      "/Users/rishabhsingh/Downloads/finnal copy/2nd wirh device style/newspec/app/controllers/application_controller.rb": {
        "lines": [
          null,
          null,
          1,
          null,
          1,
          1,
          1,
          1,
          null,
          1,
          null,
          1,
          4,
          0,
          0,
          null,
          null,
          null,
          1,
          null,
          1,
          0,
          0,
          0,
          0,
          null,
          null
        ]
      }
    },
    "timestamp": 1620384494
  }
}
